# JRE version: OpenJDK Runtime Environment (21.0.8) (build 21.0.8+-14196175-b1038.72)
# Java VM: OpenJDK 64-Bit Server VM (21.0.8+-14196175-b1038.72, mixed mode, tiered, compressed oops, compressed class ptrs, g1 gc, windows-amd64)
GC Precious Log:
 CardTable entry size: 512
 Card Set container configuration: InlinePtr #cards 4 size 8 Array Of Cards #cards 16 size 48 Howl #buckets 8 coarsen threshold 3686 Howl Bitmap #cards 512 size 80 coarsen threshold 460 Card regions per heap region 1 cards per card region 4096
 CPUs: 8 total, 8 available
 Memory: 7379M
 Large Page Support: Disabled
 NUMA Support: Disabled
 Compressed Oops: Enabled (Zero based)
 Heap Region Size: 2M
 Heap Min Capacity: 8M
 Heap Initial Capacity: 116M
 Heap Max Capacity: 4G
 Pre-touch: Disabled
 Parallel Workers: 8
 Concurrent Workers: 2
 Concurrent Refinement Workers: 8
 Periodic GC: Disabled
Heap:
 garbage-first heap   total 245760K, used 187527K [0x0000000700000000, 0x0000000800000000)
  region size 2048K, 24 young (49152K), 5 survivors (10240K)
 Metaspace       used 113067K, committed 115328K, reserved 557056K
  class space    used 15908K, committed 17024K, reserved 425984K
GC Heap History (20 events):
Event: 56.827 GC heap before
{Heap before GC invocations=35 (full 0):
 garbage-first heap   total 172032K, used 141814K [0x0000000700000000, 0x0000000800000000)
  region size 2048K, 24 young (49152K), 2 survivors (4096K)
 Metaspace       used 75041K, committed 76864K, reserved 557056K
  class space    used 10527K, committed 11392K, reserved 425984K
}
Event: 56.837 GC heap after
{Heap after GC invocations=36 (full 0):
 garbage-first heap   total 172032K, used 106190K [0x0000000700000000, 0x0000000800000000)
  region size 2048K, 4 young (8192K), 4 survivors (8192K)
 Metaspace       used 75041K, committed 76864K, reserved 557056K
  class space    used 10527K, committed 11392K, reserved 425984K
}
Event: 57.393 GC heap before
{Heap before GC invocations=37 (full 0):
 garbage-first heap   total 184320K, used 114382K [0x0000000700000000, 0x0000000800000000)
  region size 2048K, 8 young (16384K), 4 survivors (8192K)
 Metaspace       used 75153K, committed 76928K, reserved 557056K
  class space    used 10544K, committed 11392K, reserved 425984K
}
Event: 57.407 GC heap after
{Heap after GC invocations=38 (full 0):
 garbage-first heap   total 184320K, used 114737K [0x0000000700000000, 0x0000000800000000)
  region size 2048K, 3 young (6144K), 3 survivors (6144K)
 Metaspace       used 75153K, committed 76928K, reserved 557056K
  class space    used 10544K, committed 11392K, reserved 425984K
}
Event: 60.263 GC heap before
{Heap before GC invocations=39 (full 0):
 garbage-first heap   total 202752K, used 163889K [0x0000000700000000, 0x0000000800000000)
  region size 2048K, 26 young (53248K), 3 survivors (6144K)
 Metaspace       used 78460K, committed 80320K, reserved 557056K
  class space    used 10959K, committed 11840K, reserved 425984K
}
Event: 60.270 GC heap after
{Heap after GC invocations=40 (full 0):
 garbage-first heap   total 202752K, used 124365K [0x0000000700000000, 0x0000000800000000)
  region size 2048K, 3 young (6144K), 3 survivors (6144K)
 Metaspace       used 78460K, committed 80320K, reserved 557056K
  class space    used 10959K, committed 11840K, reserved 425984K
}
Event: 64.959 GC heap before
{Heap before GC invocations=40 (full 0):
 garbage-first heap   total 202752K, used 175565K [0x0000000700000000, 0x0000000800000000)
  region size 2048K, 28 young (57344K), 3 survivors (6144K)
 Metaspace       used 83826K, committed 85824K, reserved 557056K
  class space    used 11677K, committed 12672K, reserved 425984K
}
Event: 64.972 GC heap after
{Heap after GC invocations=41 (full 0):
 garbage-first heap   total 202752K, used 126805K [0x0000000700000000, 0x0000000800000000)
  region size 2048K, 2 young (4096K), 2 survivors (4096K)
 Metaspace       used 83826K, committed 85824K, reserved 557056K
  class space    used 11677K, committed 12672K, reserved 425984K
}
Event: 67.894 GC heap before
{Heap before GC invocations=41 (full 0):
 garbage-first heap   total 202752K, used 175957K [0x0000000700000000, 0x0000000800000000)
  region size 2048K, 27 young (55296K), 2 survivors (4096K)
 Metaspace       used 87227K, committed 89216K, reserved 557056K
  class space    used 12137K, committed 13120K, reserved 425984K
}
Event: 67.916 GC heap after
{Heap after GC invocations=42 (full 0):
 garbage-first heap   total 202752K, used 131810K [0x0000000700000000, 0x0000000800000000)
  region size 2048K, 4 young (8192K), 4 survivors (8192K)
 Metaspace       used 87227K, committed 89216K, reserved 557056K
  class space    used 12137K, committed 13120K, reserved 425984K
}
Event: 71.422 GC heap before
{Heap before GC invocations=43 (full 0):
 garbage-first heap   total 223232K, used 185058K [0x0000000700000000, 0x0000000800000000)
  region size 2048K, 28 young (57344K), 4 survivors (8192K)
 Metaspace       used 91758K, committed 93696K, reserved 557056K
  class space    used 12744K, committed 13696K, reserved 425984K
}
Event: 71.434 GC heap after
{Heap after GC invocations=44 (full 0):
 garbage-first heap   total 223232K, used 138791K [0x0000000700000000, 0x0000000800000000)
  region size 2048K, 2 young (4096K), 2 survivors (4096K)
 Metaspace       used 91758K, committed 93696K, reserved 557056K
  class space    used 12744K, committed 13696K, reserved 425984K
}
Event: 74.268 GC heap before
{Heap before GC invocations=44 (full 0):
 garbage-first heap   total 223232K, used 194087K [0x0000000700000000, 0x0000000800000000)
  region size 2048K, 30 young (61440K), 2 survivors (4096K)
 Metaspace       used 96684K, committed 98688K, reserved 557056K
  class space    used 13373K, committed 14336K, reserved 425984K
}
Event: 74.277 GC heap after
{Heap after GC invocations=45 (full 0):
 garbage-first heap   total 223232K, used 141813K [0x0000000700000000, 0x0000000800000000)
  region size 2048K, 4 young (8192K), 4 survivors (8192K)
 Metaspace       used 96684K, committed 98688K, reserved 557056K
  class space    used 13373K, committed 14336K, reserved 425984K
}
Event: 78.707 GC heap before
{Heap before GC invocations=45 (full 0):
 garbage-first heap   total 223232K, used 199157K [0x0000000700000000, 0x0000000800000000)
  region size 2048K, 32 young (65536K), 4 survivors (8192K)
 Metaspace       used 99785K, committed 101824K, reserved 557056K
  class space    used 13813K, committed 14784K, reserved 425984K
}
Event: 78.720 GC heap after
{Heap after GC invocations=46 (full 0):
 garbage-first heap   total 223232K, used 144754K [0x0000000700000000, 0x0000000800000000)
  region size 2048K, 4 young (8192K), 4 survivors (8192K)
 Metaspace       used 99785K, committed 101824K, reserved 557056K
  class space    used 13813K, committed 14784K, reserved 425984K
}
Event: 81.693 GC heap before
{Heap before GC invocations=47 (full 0):
 garbage-first heap   total 245760K, used 198002K [0x0000000700000000, 0x0000000800000000)
  region size 2048K, 31 young (63488K), 4 survivors (8192K)
 Metaspace       used 103905K, committed 105984K, reserved 557056K
  class space    used 14545K, committed 15552K, reserved 425984K
}
Event: 81.705 GC heap after
{Heap after GC invocations=48 (full 0):
 garbage-first heap   total 245760K, used 146575K [0x0000000700000000, 0x0000000800000000)
  region size 2048K, 3 young (6144K), 3 survivors (6144K)
 Metaspace       used 103905K, committed 105984K, reserved 557056K
  class space    used 14545K, committed 15552K, reserved 425984K
}
Event: 86.163 GC heap before
{Heap before GC invocations=48 (full 0):
 garbage-first heap   total 245760K, used 226447K [0x0000000700000000, 0x0000000800000000)
  region size 2048K, 41 young (83968K), 3 survivors (6144K)
 Metaspace       used 110469K, committed 112576K, reserved 557056K
  class space    used 15560K, committed 16576K, reserved 425984K
}
Event: 86.182 GC heap after
{Heap after GC invocations=49 (full 0):
 garbage-first heap   total 245760K, used 152711K [0x0000000700000000, 0x0000000800000000)
  region size 2048K, 5 young (10240K), 5 survivors (10240K)
 Metaspace       used 110469K, committed 112576K, reserved 557056K
  class space    used 15560K, committed 16576K, reserved 425984K
}

