# JRE version: OpenJDK Runtime Environment (21.0.8) (build 21.0.8+-14196175-b1038.72)
# Java VM: OpenJDK 64-Bit Server VM (21.0.8+-14196175-b1038.72, mixed mode, tiered, compressed oops, compressed class ptrs, g1 gc, windows-amd64)
GC Precious Log:
 CardTable entry size: 512
 Card Set container configuration: InlinePtr #cards 5 size 8 Array Of Cards #cards 12 size 40 Howl #buckets 4 coarsen threshold 1843 Howl Bitmap #cards 512 size 80 coarsen threshold 460 Card regions per heap region 1 cards per card region 2048
 CPUs: 8 total, 8 available
 Memory: 7379M
 Large Page Support: Disabled
 NUMA Support: Disabled
 Compressed Oops: Enabled (32-bit)
 Heap Region Size: 1M
 Heap Min Capacity: 8M
 Heap Initial Capacity: 116M
 Heap Max Capacity: 1846M
 Pre-touch: Disabled
 Parallel Workers: 8
 Concurrent Workers: 2
 Concurrent Refinement Workers: 8
 Periodic GC: Disabled
Heap:
 garbage-first heap   total 67584K, used 46080K [0x000000008ca00000, 0x0000000100000000)
  region size 1024K, 8 young (8192K), 3 survivors (3072K)
 Metaspace       used 51977K, committed 52672K, reserved 1114112K
  class space    used 6188K, committed 6528K, reserved 1048576K
GC Heap History (20 events):
Event: 9.946 GC heap before
{Heap before GC invocations=12 (full 0):
 garbage-first heap   total 41984K, used 35160K [0x000000008ca00000, 0x0000000100000000)
  region size 1024K, 15 young (15360K), 2 survivors (2048K)
 Metaspace       used 40286K, committed 40960K, reserved 1114112K
  class space    used 4975K, committed 5312K, reserved 1048576K
}
Event: 9.954 GC heap after
{Heap after GC invocations=13 (full 0):
 garbage-first heap   total 41984K, used 22851K [0x000000008ca00000, 0x0000000100000000)
  region size 1024K, 1 young (1024K), 1 survivors (1024K)
 Metaspace       used 40286K, committed 40960K, reserved 1114112K
  class space    used 4975K, committed 5312K, reserved 1048576K
}
Event: 10.788 GC heap before
{Heap before GC invocations=13 (full 0):
 garbage-first heap   total 41984K, used 35139K [0x000000008ca00000, 0x0000000100000000)
  region size 1024K, 14 young (14336K), 1 survivors (1024K)
 Metaspace       used 43331K, committed 43968K, reserved 1114112K
  class space    used 5323K, committed 5632K, reserved 1048576K
}
Event: 10.799 GC heap after
{Heap after GC invocations=14 (full 0):
 garbage-first heap   total 41984K, used 24139K [0x000000008ca00000, 0x0000000100000000)
  region size 1024K, 2 young (2048K), 2 survivors (2048K)
 Metaspace       used 43331K, committed 43968K, reserved 1114112K
  class space    used 5323K, committed 5632K, reserved 1048576K
}
Event: 10.927 GC heap before
{Heap before GC invocations=14 (full 0):
 garbage-first heap   total 41984K, used 25163K [0x000000008ca00000, 0x0000000100000000)
  region size 1024K, 4 young (4096K), 2 survivors (2048K)
 Metaspace       used 43808K, committed 44416K, reserved 1114112K
  class space    used 5392K, committed 5696K, reserved 1048576K
}
Event: 10.935 GC heap after
{Heap after GC invocations=15 (full 0):
 garbage-first heap   total 41984K, used 24717K [0x000000008ca00000, 0x0000000100000000)
  region size 1024K, 1 young (1024K), 1 survivors (1024K)
 Metaspace       used 43808K, committed 44416K, reserved 1114112K
  class space    used 5392K, committed 5696K, reserved 1048576K
}
Event: 11.596 GC heap before
{Heap before GC invocations=16 (full 0):
 garbage-first heap   total 46080K, used 38029K [0x000000008ca00000, 0x0000000100000000)
  region size 1024K, 13 young (13312K), 1 survivors (1024K)
 Metaspace       used 45560K, committed 46272K, reserved 1114112K
  class space    used 5603K, committed 5952K, reserved 1048576K
}
Event: 11.606 GC heap after
{Heap after GC invocations=17 (full 0):
 garbage-first heap   total 55296K, used 29194K [0x000000008ca00000, 0x0000000100000000)
  region size 1024K, 2 young (2048K), 2 survivors (2048K)
 Metaspace       used 45560K, committed 46272K, reserved 1114112K
  class space    used 5603K, committed 5952K, reserved 1048576K
}
Event: 12.502 GC heap before
{Heap before GC invocations=17 (full 0):
 garbage-first heap   total 55296K, used 47626K [0x000000008ca00000, 0x0000000100000000)
  region size 1024K, 20 young (20480K), 2 survivors (2048K)
 Metaspace       used 48564K, committed 49216K, reserved 1114112K
  class space    used 5938K, committed 6272K, reserved 1048576K
}
Event: 12.516 GC heap after
{Heap after GC invocations=18 (full 0):
 garbage-first heap   total 55296K, used 32093K [0x000000008ca00000, 0x0000000100000000)
  region size 1024K, 3 young (3072K), 3 survivors (3072K)
 Metaspace       used 48564K, committed 49216K, reserved 1114112K
  class space    used 5938K, committed 6272K, reserved 1048576K
}
Event: 12.628 GC heap before
{Heap before GC invocations=18 (full 0):
 garbage-first heap   total 55296K, used 47453K [0x000000008ca00000, 0x0000000100000000)
  region size 1024K, 18 young (18432K), 3 survivors (3072K)
 Metaspace       used 48608K, committed 49280K, reserved 1114112K
  class space    used 5938K, committed 6272K, reserved 1048576K
}
Event: 12.635 GC heap after
{Heap after GC invocations=19 (full 0):
 garbage-first heap   total 55296K, used 32580K [0x000000008ca00000, 0x0000000100000000)
  region size 1024K, 2 young (2048K), 2 survivors (2048K)
 Metaspace       used 48608K, committed 49280K, reserved 1114112K
  class space    used 5938K, committed 6272K, reserved 1048576K
}
Event: 13.069 GC heap before
{Heap before GC invocations=20 (full 0):
 garbage-first heap   total 56320K, used 47940K [0x000000008ca00000, 0x0000000100000000)
  region size 1024K, 17 young (17408K), 2 survivors (2048K)
 Metaspace       used 49164K, committed 49856K, reserved 1114112K
  class space    used 5989K, committed 6336K, reserved 1048576K
}
Event: 13.075 GC heap after
{Heap after GC invocations=21 (full 0):
 garbage-first heap   total 56320K, used 33192K [0x000000008ca00000, 0x0000000100000000)
  region size 1024K, 2 young (2048K), 2 survivors (2048K)
 Metaspace       used 49164K, committed 49856K, reserved 1114112K
  class space    used 5989K, committed 6336K, reserved 1048576K
}
Event: 13.468 GC heap before
{Heap before GC invocations=21 (full 0):
 garbage-first heap   total 56320K, used 49576K [0x000000008ca00000, 0x0000000100000000)
  region size 1024K, 18 young (18432K), 2 survivors (2048K)
 Metaspace       used 49496K, committed 50176K, reserved 1114112K
  class space    used 6020K, committed 6336K, reserved 1048576K
}
Event: 13.478 GC heap after
{Heap after GC invocations=22 (full 0):
 garbage-first heap   total 56320K, used 35311K [0x000000008ca00000, 0x0000000100000000)
  region size 1024K, 3 young (3072K), 3 survivors (3072K)
 Metaspace       used 49496K, committed 50176K, reserved 1114112K
  class space    used 6020K, committed 6336K, reserved 1048576K
}
Event: 15.507 GC heap before
{Heap before GC invocations=22 (full 0):
 garbage-first heap   total 56320K, used 47599K [0x000000008ca00000, 0x0000000100000000)
  region size 1024K, 15 young (15360K), 3 survivors (3072K)
 Metaspace       used 51107K, committed 51840K, reserved 1114112K
  class space    used 6167K, committed 6528K, reserved 1048576K
}
Event: 15.520 GC heap after
{Heap after GC invocations=23 (full 0):
 garbage-first heap   total 67584K, used 37639K [0x000000008ca00000, 0x0000000100000000)
  region size 1024K, 2 young (2048K), 2 survivors (2048K)
 Metaspace       used 51107K, committed 51840K, reserved 1114112K
  class space    used 6167K, committed 6528K, reserved 1048576K
}
Event: 19.805 GC heap before
{Heap before GC invocations=24 (full 0):
 garbage-first heap   total 67584K, used 59143K [0x000000008ca00000, 0x0000000100000000)
  region size 1024K, 23 young (23552K), 2 survivors (2048K)
 Metaspace       used 51885K, committed 52544K, reserved 1114112K
  class space    used 6179K, committed 6528K, reserved 1048576K
}
Event: 19.822 GC heap after
{Heap after GC invocations=25 (full 0):
 garbage-first heap   total 67584K, used 41984K [0x000000008ca00000, 0x0000000100000000)
  region size 1024K, 3 young (3072K), 3 survivors (3072K)
 Metaspace       used 51885K, committed 52544K, reserved 1114112K
  class space    used 6179K, committed 6528K, reserved 1048576K
}

